make all --print-data-base --no-builtin-variables --no-builtin-rules --question
make: *** No rule to make target 'all'.  Stop.

# GNU Make 4.2.1
# Built for x86_64-pc-linux-gnu
# Copyright (C) 1988-2016 Free Software Foundation, Inc.
# License GPLv3+: GNU GPL version 3 or later <http://gnu.org/licenses/gpl.html>
# This is free software: you are free to change and redistribute it.
# There is NO WARRANTY, to the extent permitted by law.

# Make data base, printed on Sun Aug 21 18:05:32 2022

# Variables

# 'override' directive
GNUMAKEFLAGS := 
# automatic
<D = $(patsubst %/,%,$(dir $<))
# automatic
?F = $(notdir $?)
# environment
DESKTOP_SESSION = ubuntu
# default
.SHELLFLAGS := -c
# environment
XDG_SESSION_CLASS = user
# environment
XDG_SESSION_TYPE = x11
# environment
VSCODE_LOG_NATIVE = false
# automatic
?D = $(patsubst %/,%,$(dir $?))
# environment
IM_CONFIG_PHASE = 1
# automatic
@D = $(patsubst %/,%,$(dir $@))
# environment
XAUTHORITY = /run/user/1000/gdm/Xauthority
# environment
GDMSESSION = ubuntu
# environment
XMODIFIERS = @im=ibus
# makefile
CURDIR := /home/lunkwill/projects/garmin-connect-seed
# makefile
SHELL = /bin/sh
# environment
VSCODE_NLS_CONFIG = {"locale":"en-us","availableLanguages":{},"_languagePackSupport":true}
# environment
_ = /usr/share/code/code
# environment
JOURNAL_STREAM = 8:54351
# environment
XDG_CONFIG_DIRS = /etc/xdg/xdg-ubuntu:/etc/xdg
# makefile (from 'properties.mk', line 1)
MAKEFILE_LIST :=  Makefile properties.mk
# automatic
@F = $(notdir $@)
# environment
GIO_LAUNCHED_DESKTOP_FILE = /usr/share/applications/code.desktop
# environment
USERNAME = lunkwill
# environment
XDG_DATA_DIRS = /usr/share/ubuntu:/usr/local/share/:/usr/share/:/var/lib/snapd/desktop
# makefile (from 'properties.mk', line 1)
DEVICE = fenix6xpro
# environment
DBUS_SESSION_BUS_ADDRESS = unix:path=/run/user/1000/bus
# environment
VSCODE_VERBOSE_LOGGING = true
# environment
MANAGERPID = 2060
# environment
LESSOPEN = | /usr/bin/lesspipe %s
# environment
VSCODE_CWD = /home/lunkwill
# default
MAKE_HOST := x86_64-pc-linux-gnu
# environment
PATH = /home/lunkwill/.local/bin:/home/lunkwill/miniconda3/bin:/home/lunkwill/miniconda3/condabin:/home/lunkwill/.local/bin:/usr/local/sbin:/usr/local/bin:/usr/sbin:/usr/bin:/sbin:/bin:/usr/games:/usr/local/games:/snap/bin
# makefile (from 'Makefile', line 4)
devices = `grep 'iq:product id' manifest.xml | sed 's/.*iq:product id="\([^"]*\).*/\1/'`
# environment
GPG_AGENT_INFO = /run/user/1000/gnupg/S.gpg-agent:0:1
# environment
SESSION_MANAGER = local/Will-of-Lunk:@/tmp/.ICE-unix/2320,unix/Will-of-Lunk:/tmp/.ICE-unix/2320
# environment
XDG_RUNTIME_DIR = /run/user/1000
# environment
CONDA_PREFIX = /home/lunkwill/miniconda3
# environment
XDG_MENU_PREFIX = gnome-
# environment
VSCODE_LOG_STACK = false
# environment
ELECTRON_RUN_AS_NODE = 1
# environment
INVOCATION_ID = dd1a1bbf8f09439dbf3db4625c062a39
# default
.FEATURES := target-specific order-only second-expansion else-if shortest-stem undefine oneshell archives jobserver output-sync check-symlink load
# environment
LS_COLORS = 
# environment
XDG_SESSION_DESKTOP = ubuntu
# environment
SSH_AUTH_SOCK = /run/user/1000/keyring/ssh
# environment
GIO_LAUNCHED_DESKTOP_FILE_PID = 36874
# automatic
%F = $(notdir $%)
# environment
DISPLAY = :1
# environment
CONDA_EXE = /home/lunkwill/miniconda3/bin/conda
# makefile (from 'Makefile', line 5)
JAVA_OPTIONS = JDK_JAVA_OPTIONS="--add-modules=java.xml.bind"
# environment
VSCODE_PIPE_LOGGING = true
# environment
PWD = /home/lunkwill/projects/garmin-connect-seed
# default
.LOADED := 
# environment
SSH_AGENT_PID = 2283
# environment
ORIGINAL_XDG_CURRENT_DESKTOP = ubuntu:GNOME
# environment
GTK_MODULES = gail:atk-bridge
# environment
VSCODE_AMD_ENTRYPOINT = vs/workbench/api/node/extensionHostProcess
# environment
HOME = /home/lunkwill
# environment
LESSCLOSE = /usr/bin/lesspipe %s %s
# environment
VSCODE_CODE_CACHE_PATH = /home/lunkwill/.config/Code/CachedData/30d9c6cd9483b2cc586687151bcbcd635f373630
# environment
LOGNAME = lunkwill
# environment
APPLICATION_INSIGHTS_NO_DIAGNOSTIC_CHANNEL = 1
# environment
CONDA_PROMPT_MODIFIER = (base) 
# makefile (from 'properties.mk', line 2)
SDK_HOME = /home/lunkwill/.Garmin/ConnectIQ/Sdks/connectiq-sdk-lin-4.1.5-2022-08-03-6e17bf167
# environment
VSCODE_HANDLES_UNCAUGHT_ERRORS = true
# environment
GNOME_DESKTOP_SESSION_ID = this-is-deprecated
# automatic
^D = $(patsubst %/,%,$(dir $^))
# environment
MAKELEVEL := 0
# environment
CONDA_DEFAULT_ENV = base
# default
MAKE = $(MAKE_COMMAND)
# default
MAKECMDGOALS := all
# environment
QT_IM_MODULE = ibus
# environment
SHLVL = 0
# environment
GNOME_SHELL_SESSION_MODE = ubuntu
# environment
VSCODE_IPC_HOOK_EXTHOST = /run/user/1000/vscode-ipc-a3b9f7a1-79d9-4952-8d28-00e89adf973b.sock
# default
MAKE_VERSION := 4.2.1
# environment
USER = lunkwill
# makefile (from 'properties.mk', line 4)
PRIVATE_KEY = /home/lunkwill/projects/garmin_dev_key/developer_key
# makefile
.DEFAULT_GOAL := build
# environment
XDG_CURRENT_DESKTOP = Unity
# automatic
%D = $(patsubst %/,%,$(dir $%))
# environment
CONDA_SHLVL = 1
# default
MAKE_COMMAND := make
# default
.VARIABLES := 
# automatic
*F = $(notdir $*)
# environment
VSCODE_IPC_HOOK = /run/user/1000/vscode-6e279336-1.68.1-main.sock
# makefile
MAKEFLAGS = pqrR
# environment
MFLAGS = -pqrR
# automatic
*D = $(patsubst %/,%,$(dir $*))
# automatic
+D = $(patsubst %/,%,$(dir $+))
# environment
GDK_BACKEND = x11
# automatic
+F = $(notdir $+)
# environment
QT_ACCESSIBILITY = 1
# makefile (from 'properties.mk', line 3)
DEPLOY = /Volumes/GARMIN/GARMIN/APPS/
# default
MAKEFILES := 
# automatic
<F = $(notdir $<)
# environment
LC_ALL = C
# makefile (from 'Makefile', line 3)
appName = `grep entry manifest.xml | sed 's/.*entry="\([^"]*\).*/\1/'`
# environment
CONDA_PYTHON_EXE = /home/lunkwill/miniconda3/bin/python
# environment
GJS_DEBUG_TOPICS = JS ERROR;JS LOG
# automatic
^F = $(notdir $^)
# default
SUFFIXES := 
# environment
_CE_M = 
# environment
CHROME_DESKTOP = code-url-handler.desktop
# environment
WINDOWPATH = 2
# default
.INCLUDE_DIRS = /usr/include /usr/local/include /usr/include
# environment
GJS_DEBUG_OUTPUT = stderr
# default
.RECIPEPREFIX := 
# environment
LANG = C
# environment
VSCODE_PID = 36874
# environment
_CE_CONDA = 
# variable set hash-table stats:
# Load=112/1024=11%, Rehash=0, Collisions=14/139=10%

# Pattern-specific Variable Values

# No pattern-specific variable values.

# Directories

# . (device 66309, inode 17539409): 15 files, no impossibilities.

# 15 files, no impossibilities in 1 directories.

# Implicit Rules

# No implicit rules.

# Files

# Not a target:
all:
#  Command line target.
#  Implicit rule search has been done.
#  File does not exist.
#  File has not been updated.

# Not a target:
Makefile:
#  Implicit rule search has been done.
#  Last modified 2022-08-21 16:49:54.294984917
#  File has been updated.
#  Successfully updated.

build:
#  Implicit rule search has not been done.
#  Modification time never checked.
#  File has not been updated.
#  recipe to execute (from 'Makefile', line 8):
	$(SDK_HOME)/bin/monkeyc \
	--jungles ./monkey.jungle \
	--device $(DEVICE) \
	--output bin/$(appName).prg \
	--private-key $(PRIVATE_KEY) \
	--warn

# Not a target:
properties.mk:
#  Implicit rule search has been done.
#  Last modified 2022-08-21 17:57:53.205616079
#  File has been updated.
#  Successfully updated.

buildall:
#  Implicit rule search has not been done.
#  Modification time never checked.
#  File has not been updated.
 
#  recipe to execute (from 'Makefile', line 16):
	@for device in $(devices); do \
		echo "-----"; \
		echo "Building for" $$device; \
    $(SDK_HOME)/bin/monkeyc \
		--jungles ./monkey.jungle \
		--device $$device \
		--output bin/$(appName)-$$device.prg \
		--private-key $(PRIVATE_KEY) \
		--warn; \
	done

# Not a target:
.DEFAULT:
#  Implicit rule search has not been done.
#  Modification time never checked.
#  File has not been updated.

package:
#  Implicit rule search has not been done.
#  Modification time never checked.
#  File has not been updated.
#  recipe to execute (from 'Makefile', line 37):
	@$(SDK_HOME)/bin/monkeyc \
	--jungles ./monkey.jungle \
	--package-app \
	--release \
	--output bin/$(appName).iq \
	--private-key $(PRIVATE_KEY) \
	--warn

run: build
#  Implicit rule search has not been done.
#  Modification time never checked.
#  File has not been updated.
#  recipe to execute (from 'Makefile', line 28):
	@$(SDK_HOME)/bin/connectiq &&\
	sleep 3 &&\
	$(JAVA_OPTIONS) \
	$(SDK_HOME)/bin/monkeydo bin/$(appName).prg $(DEVICE)

deploy: build
#  Implicit rule search has not been done.
#  Modification time never checked.
#  File has not been updated.
#  recipe to execute (from 'Makefile', line 34):
	@cp bin/$(appName).prg $(DEPLOY)

# files hash-table stats:
# Load=10/1024=1%, Rehash=0, Collisions=0/23=0%
# VPATH Search Paths

# No 'vpath' search paths.

# No general ('VPATH' variable) search path.

# strcache buffers: 1 (0) / strings = 25 / storage = 217 B / avg = 8 B
# current buf: size = 8162 B / used = 217 B / count = 25 / avg = 8 B

# strcache performance: lookups = 38 / hit rate = 34%
# hash-table stats:
# Load=25/8192=0%, Rehash=0, Collisions=1/38=3%
# Finished Make data base on Sun Aug 21 18:05:32 2022

 
